mode: atomic
github.com/gettaxi/smallDemos/performance-loop/loops.go:8.44,11.25 2 0
github.com/gettaxi/smallDemos/performance-loop/loops.go:17.2,17.8 1 0
github.com/gettaxi/smallDemos/performance-loop/loops.go:11.25,15.3 3 0
github.com/gettaxi/smallDemos/performance-loop/loops.go:20.43,22.25 1 0
github.com/gettaxi/smallDemos/performance-loop/loops.go:29.2,29.8 1 0
github.com/gettaxi/smallDemos/performance-loop/loops.go:22.25,27.3 4 0
github.com/gettaxi/smallDemos/performance-loop/loops.go:32.43,34.25 1 0
github.com/gettaxi/smallDemos/performance-loop/loops.go:38.2,38.8 1 0
github.com/gettaxi/smallDemos/performance-loop/loops.go:34.25,36.3 1 0
github.com/gettaxi/smallDemos/performance-loop/loops.go:41.44,43.25 1 0
github.com/gettaxi/smallDemos/performance-loop/loops.go:47.2,47.8 1 0
github.com/gettaxi/smallDemos/performance-loop/loops.go:43.25,45.3 1 0
