mode: atomic
github.com/gettaxi/smallDemos/sync-pack/atomic/main.go:11.13,13.2 1 0
github.com/gettaxi/smallDemos/sync-pack/atomic/main.go:15.19,24.2 4 0
github.com/gettaxi/smallDemos/sync-pack/atomic/main.go:26.29,32.25 4 0
github.com/gettaxi/smallDemos/sync-pack/atomic/main.go:41.2,42.10 2 0
github.com/gettaxi/smallDemos/sync-pack/atomic/main.go:32.25,33.13 1 0
github.com/gettaxi/smallDemos/sync-pack/atomic/main.go:33.13,34.27 1 0
github.com/gettaxi/smallDemos/sync-pack/atomic/main.go:37.4,37.13 1 0
github.com/gettaxi/smallDemos/sync-pack/atomic/main.go:34.27,36.5 1 0
github.com/gettaxi/smallDemos/sync-pack/atomic/main.go:45.28,52.25 5 0
github.com/gettaxi/smallDemos/sync-pack/atomic/main.go:63.2,64.10 2 0
github.com/gettaxi/smallDemos/sync-pack/atomic/main.go:52.25,53.13 1 0
github.com/gettaxi/smallDemos/sync-pack/atomic/main.go:53.13,54.27 1 0
github.com/gettaxi/smallDemos/sync-pack/atomic/main.go:59.4,59.13 1 0
github.com/gettaxi/smallDemos/sync-pack/atomic/main.go:54.27,58.5 3 0
github.com/gettaxi/smallDemos/sync-pack/atomic/main.go:68.29,73.25 4 0
github.com/gettaxi/smallDemos/sync-pack/atomic/main.go:82.2,83.10 2 0
github.com/gettaxi/smallDemos/sync-pack/atomic/main.go:73.25,74.13 1 0
github.com/gettaxi/smallDemos/sync-pack/atomic/main.go:74.13,75.27 1 0
github.com/gettaxi/smallDemos/sync-pack/atomic/main.go:78.4,78.13 1 0
github.com/gettaxi/smallDemos/sync-pack/atomic/main.go:75.27,77.5 1 0
github.com/gettaxi/smallDemos/sync-pack/atomic/main.go:86.32,92.25 5 0
github.com/gettaxi/smallDemos/sync-pack/atomic/main.go:103.2,104.10 2 0
github.com/gettaxi/smallDemos/sync-pack/atomic/main.go:92.25,93.13 1 0
github.com/gettaxi/smallDemos/sync-pack/atomic/main.go:93.13,94.27 1 0
github.com/gettaxi/smallDemos/sync-pack/atomic/main.go:99.4,99.13 1 0
github.com/gettaxi/smallDemos/sync-pack/atomic/main.go:94.27,98.5 3 0
